{"level":"info","message":{"Action":"POST","Body":{"address":"1270 Broadway","city":"New York","period":"10","propertyClass":"A","propertyType":"Office","purchasePrice":"12000000","rentGrowth":"3","rentPsf":"125","squareFeet":"30000","state":"NY","units":"50","username":"smoon","zip":"10001"},"Content_Type":"application/json","Path":"/saveDeal","Time":"07/18/2022, 11:45:52 am"},"service":"capstone22"}
{"level":"info","message":{"Action":"GET","Body":{},"Path":"/deals","Time":"07/18/2022, 12:04:17 pm"},"service":"capstone22"}
{"level":"info","message":{"Action":"GET","Body":{},"Path":"/deals","Time":"07/18/2022, 12:04:29 pm"},"service":"capstone22"}
{"level":"info","message":{"Action":"GET","Body":{},"Path":"/saveDeal","Time":"07/21/2022, 6:30:33 pm"},"service":"capstone22"}
{"level":"info","message":{"Action":"GET","Body":{},"Path":"/register","Time":"07/21/2022, 6:37:58 pm"},"service":"capstone22"}
{"level":"info","message":{"Action":"POST","Body":{"address":"123 camalway","city":"camalla","period":10,"propertyClass":"one","propertyType":"two","purchasePrice":100000,"rentGrowth":10,"rentPsf":10,"squareFeet":10,"state":"cm","units":3,"username":"camal","zip":30033},"Content_Type":"application/json","Path":"/saveDeal","Time":"07/21/2022, 7:03:06 pm"},"service":"capstone22"}
{"level":"info","message":{"Action":"POST","Body":{"email":"lamb@gmail.com","firstName":"cat","lastName":"dog","password":"hehe","username":"catdog"},"Content_Type":"application/json","Path":"/saveDeal","Time":"07/21/2022, 7:04:49 pm"},"service":"capstone22"}
{"level":"info","message":{"Action":"POST","Body":{"email":"lamb@gmail.com","firstName":"cat","lastName":"dog","password":"hehe","username":"catdog"},"Content_Type":"application/json","Path":"/register","Time":"07/21/2022, 7:05:06 pm"},"service":"capstone22"}
{"level":"info","message":{"Action":"POST","Body":{"email":"lamb@gmail.com","firstName":"cat","lastName":"dog","password":"hehe","username":"catdog"},"Content_Type":"application/json","Path":"/register","Time":"07/21/2022, 7:05:32 pm"},"service":"capstone22"}
{"level":"info","message":{"Action":"POST","Body":{"email":"gym@gmail.com","firstName":"google","lastName":"vmware","password":"password","username":"bing"},"Content_Type":"application/json","Path":"/register","Time":"07/21/2022, 7:06:09 pm"},"service":"capstone22"}
{"level":"info","message":{"Action":"GET","Body":{},"Path":"/","Time":"07/21/2022, 7:09:05 pm"},"service":"capstone22"}
{"level":"info","message":{"Action":"GET","Body":{},"Path":"/users","Time":"07/21/2022, 7:10:40 pm"},"service":"capstone22"}
{"level":"info","message":{"Action":"GET","Body":{},"Path":"/users","Time":"07/21/2022, 7:11:22 pm"},"service":"capstone22"}
{"level":"info","message":{"Action":"GET","Body":{},"Path":"/users","Time":"07/21/2022, 7:12:04 pm"},"service":"capstone22"}
{"level":"info","message":{"Action":"GET","Body":{},"Path":"/users","Time":"07/21/2022, 7:12:59 pm"},"service":"capstone22"}
{"level":"info","message":{"Action":"GET","Body":{},"Path":"/users","Time":"07/21/2022, 7:13:24 pm"},"service":"capstone22"}
{"level":"info","message":{"Action":"POST","Body":{"email":"website@gmail.com","firstName":"microsoft","lastName":"bing","password":"password","username":"web"},"Content_Type":"application/json","Path":"/register","Time":"07/21/2022, 7:15:17 pm"},"service":"capstone22"}
{"level":"info","message":{"Action":"POST","Body":{"email":"website@gmail.com","firstName":"microsoft","lastName":"bing","password":"password","username":"web"},"Content_Type":"application/json","Path":"/register","Time":"07/21/2022, 7:15:59 pm"},"service":"capstone22"}
{"level":"info","message":{"Action":"POST","Body":{"email":"website@gmail.com","firstName":"microsoft","lastName":"bing","password":"password","username":"web"},"Content_Type":"application/json","Path":"/login","Time":"07/21/2022, 7:18:49 pm"},"service":"capstone22"}
{"level":"info","message":{"Action":"POST","Body":{"email":"website@gmail.com"},"Content_Type":"application/json","Path":"/login","Time":"07/21/2022, 7:21:04 pm"},"service":"capstone22"}
{"level":"info","message":{"Action":"GET","Body":{"email":"website@gmail.com"},"Content_Type":"application/json","Path":"/users","Time":"07/21/2022, 7:22:22 pm"},"service":"capstone22"}
{"level":"info","message":{"Action":"GET","Body":{},"Path":"/users","Time":"07/21/2022, 7:22:42 pm"},"service":"capstone22"}
{"level":"info","message":{"Action":"POST","Body":{"email":"he@gmail.com"},"Content_Type":"application/json","Path":"/login","Time":"07/21/2022, 7:38:12 pm"},"service":"capstone22"}
{"level":"info","message":{"Action":"POST","Body":{"email":"he@gmail.com"},"Content_Type":"application/json","Path":"/login","Time":"07/21/2022, 7:38:36 pm"},"service":"capstone22"}
